<?xml version="1.0" encoding="UTF-8"?>
<!-- Generated by org.testng.reporters.JUnitReportReporter -->
<testsuite skipped="0" hostname="ADMIN-PC" name="testSuite.Lead_Runner" tests="7" failures="0" timestamp="2021-07-20T10:28:26 IST" time="162.105" errors="0">
  <testcase name="runScenario" time="14.809" classname="testSuite.Lead_Runner"/>
  <system-out/>
  <testcase name="runScenario" time="30.100" classname="testSuite.Lead_Runner"/>
  <system-out/>
  <testcase name="runScenario" time="20.982" classname="testSuite.Lead_Runner"/>
  <system-out/>
  <testcase name="runScenario" time="15.657" classname="testSuite.Lead_Runner"/>
  <system-out/>
  <testcase name="runScenario" time="32.370" classname="testSuite.Lead_Runner"/>
  <system-out/>
  <testcase name="runScenario" time="10.661" classname="testSuite.Lead_Runner"/>
  <system-out/>
  <testcase name="runScenario" time="37.526" classname="testSuite.Lead_Runner"/>
  <system-out/>
</testsuite> <!-- testSuite.Lead_Runner -->
